<?xml version="1.0" encoding="UTF-8"?>
<!-- Generated by org.testng.reporters.JUnitReportReporter -->
<testsuite hostname="DESKTOP-8DI1090" name="Backstage.admin.moneyDetails" tests="19" failures="1" timestamp="14 Dec 2019 02:04:13 GMT" time="10.207" errors="0">
  <testcase name="moneyDetails2" time="0.190" classname="Backstage.admin.moneyDetails"/>
  <testcase name="moneyDetails11" time="0.095" classname="Backstage.admin.moneyDetails"/>
  <testcase name="moneyDetails5" time="0.092" classname="Backstage.admin.moneyDetails"/>
  <testcase name="moneyDetails16" time="0.106" classname="Backstage.admin.moneyDetails"/>
  <testcase name="moneyDetails3" time="0.107" classname="Backstage.admin.moneyDetails"/>
  <testcase name="moneyDetails12" time="0.091" classname="Backstage.admin.moneyDetails"/>
  <testcase name="moneyDetails13" time="0.093" classname="Backstage.admin.moneyDetails"/>
  <testcase name="moneyDetails9" time="0.090" classname="Backstage.admin.moneyDetails"/>
  <testcase name="moneyDetails10" time="0.094" classname="Backstage.admin.moneyDetails"/>
  <testcase name="moneyDetails19" time="0.110" classname="Backstage.admin.moneyDetails">
    <failure type="java.lang.AssertionError" message="expected [true] but found [false]">
      <![CDATA[java.lang.AssertionError: expected [true] but found [false]
	at org.testng.Assert.fail(Assert.java:94)
	at org.testng.Assert.failNotEquals(Assert.java:496)
	at org.testng.Assert.assertTrue(Assert.java:42)
	at org.testng.Assert.assertTrue(Assert.java:52)
	at Backstage.admin.moneyDetails.moneyDetails19(moneyDetails.java:792)
	at sun.reflect.NativeMethodAccessorImpl.invoke0(Native Method)
	at sun.reflect.NativeMethodAccessorImpl.invoke(NativeMethodAccessorImpl.java:62)
	at sun.reflect.DelegatingMethodAccessorImpl.invoke(DelegatingMethodAccessorImpl.java:43)
	at java.lang.reflect.Method.invoke(Method.java:498)
	at org.testng.internal.MethodInvocationHelper.invokeMethod(MethodInvocationHelper.java:85)
	at org.testng.internal.Invoker.invokeMethod(Invoker.java:639)
	at org.testng.internal.Invoker.invokeTestMethod(Invoker.java:816)
	at org.testng.internal.Invoker.invokeTestMethods(Invoker.java:1124)
	at org.testng.internal.TestMethodWorker.invokeTestMethods(TestMethodWorker.java:125)
	at org.testng.internal.TestMethodWorker.run(TestMethodWorker.java:108)
	at org.testng.TestRunner.privateRun(TestRunner.java:774)
	at org.testng.TestRunner.run(TestRunner.java:624)
	at org.testng.SuiteRunner.runTest(SuiteRunner.java:359)
	at org.testng.SuiteRunner.runSequentially(SuiteRunner.java:354)
	at org.testng.SuiteRunner.privateRun(SuiteRunner.java:312)
	at org.testng.SuiteRunner.run(SuiteRunner.java:261)
	at org.testng.SuiteRunnerWorker.runSuite(SuiteRunnerWorker.java:52)
	at org.testng.SuiteRunnerWorker.run(SuiteRunnerWorker.java:86)
	at org.testng.TestNG.runSuitesSequentially(TestNG.java:1191)
	at org.testng.TestNG.runSuitesLocally(TestNG.java:1116)
	at org.testng.TestNG.run(TestNG.java:1024)
	at org.apache.maven.surefire.testng.TestNGExecutor.run(TestNGExecutor.java:283)
	at org.apache.maven.surefire.testng.TestNGXmlTestSuite.execute(TestNGXmlTestSuite.java:75)
	at org.apache.maven.surefire.testng.TestNGProvider.invoke(TestNGProvider.java:120)
	at org.apache.maven.surefire.booter.ForkedBooter.invokeProviderInSameClassLoader(ForkedBooter.java:386)
	at org.apache.maven.surefire.booter.ForkedBooter.runSuitesInProcess(ForkedBooter.java:323)
	at org.apache.maven.surefire.booter.ForkedBooter.main(ForkedBooter.java:143)
]]>
    </failure>
  </testcase> <!-- moneyDetails19 -->
  <testcase name="moneyDetails14" time="0.093" classname="Backstage.admin.moneyDetails"/>
  <testcase name="moneyDetails8" time="0.176" classname="Backstage.admin.moneyDetails"/>
  <testcase name="moneyDetails15" time="0.090" classname="Backstage.admin.moneyDetails"/>
  <testcase name="moneyDetails1" time="8.301" classname="Backstage.admin.moneyDetails"/>
  <testcase name="moneyDetails7" time="0.091" classname="Backstage.admin.moneyDetails"/>
  <testcase name="moneyDetails17" time="0.097" classname="Backstage.admin.moneyDetails"/>
  <testcase name="moneyDetails4" time="0.092" classname="Backstage.admin.moneyDetails"/>
  <testcase name="moneyDetails18" time="0.106" classname="Backstage.admin.moneyDetails"/>
  <testcase name="moneyDetails6" time="0.093" classname="Backstage.admin.moneyDetails"/>
</testsuite> <!-- Backstage.admin.moneyDetails -->
