<?xml version="1.0" encoding="UTF-8"?>
<!-- Generated by org.testng.reporters.JUnitReportReporter -->
<testsuite hostname="DESKTOP-8DI1090" name="Backstage.admin.moneyDetails" tests="19" failures="0" timestamp="30 Nov 2019 08:48:23 GMT" time="8.861" errors="0">
  <testcase name="moneyDetails5" time="0.091" classname="Backstage.admin.moneyDetails"/>
  <testcase name="moneyDetails15" time="0.091" classname="Backstage.admin.moneyDetails"/>
  <testcase name="moneyDetails13" time="0.089" classname="Backstage.admin.moneyDetails"/>
  <testcase name="moneyDetails16" time="0.090" classname="Backstage.admin.moneyDetails"/>
  <testcase name="moneyDetails4" time="0.093" classname="Backstage.admin.moneyDetails"/>
  <testcase name="moneyDetails8" time="0.093" classname="Backstage.admin.moneyDetails"/>
  <testcase name="moneyDetails10" time="0.096" classname="Backstage.admin.moneyDetails"/>
  <testcase name="moneyDetails2" time="0.091" classname="Backstage.admin.moneyDetails"/>
  <testcase name="moneyDetails3" time="0.087" classname="Backstage.admin.moneyDetails"/>
  <testcase name="moneyDetails1" time="7.199" classname="Backstage.admin.moneyDetails"/>
  <testcase name="moneyDetails7" time="0.093" classname="Backstage.admin.moneyDetails"/>
  <testcase name="moneyDetails17" time="0.090" classname="Backstage.admin.moneyDetails"/>
  <testcase name="moneyDetails12" time="0.097" classname="Backstage.admin.moneyDetails"/>
  <testcase name="moneyDetails19" time="0.096" classname="Backstage.admin.moneyDetails"/>
  <testcase name="moneyDetails18" time="0.095" classname="Backstage.admin.moneyDetails"/>
  <testcase name="moneyDetails11" time="0.092" classname="Backstage.admin.moneyDetails"/>
  <testcase name="moneyDetails14" time="0.091" classname="Backstage.admin.moneyDetails"/>
  <testcase name="moneyDetails6" time="0.093" classname="Backstage.admin.moneyDetails"/>
  <testcase name="moneyDetails9" time="0.094" classname="Backstage.admin.moneyDetails"/>
</testsuite> <!-- Backstage.admin.moneyDetails -->
