<?xml version="1.0" encoding="UTF-8"?>
<!-- Generated by org.testng.reporters.JUnitReportReporter -->
<testsuite hostname="DESKTOP-8DI1090" name="Backstage.admin.panel" tests="2" failures="0" timestamp="7 Dec 2019 05:24:32 GMT" time="10.103" errors="0">
  <testcase name="playerNumber" time="2.697" classname="Backstage.admin.panel"/>
  <testcase name="notesNumber" time="7.406" classname="Backstage.admin.panel"/>
</testsuite> <!-- Backstage.admin.panel -->
